#
# A fatal error has been detected by the Java Runtime Environment:
#
#  EXCEPTION_ACCESS_VIOLATION (0xc0000005) at pc=0x00007ff9c6d82167, pid=14768, tid=0x00000000000006d0
#
# JRE version: Java(TM) SE Runtime Environment (8.0_144-b01) (build 1.8.0_144-b01)
# Java VM: Java HotSpot(TM) 64-Bit Server VM (25.144-b01 mixed mode windows-amd64 compressed oops)
# Problematic frame:
# C  [lwjgl_opengl.dll+0x12167]
#
# Failed to write core dump. Minidumps are not enabled by default on client versions of Windows
#
# If you would like to submit a bug report, please visit:
#   http://bugreport.java.com/bugreport/crash.jsp
# The crash happened outside the Java Virtual Machine in native code.
# See problematic frame for where to report the bug.
#

---------------  T H R E A D  ---------------

Current thread (0x0000000004cb0800):  JavaThread "main" [_thread_in_native, id=1744, stack(0x0000000004bb0000,0x0000000004cb0000)]

siginfo: ExceptionCode=0xc0000005, reading address 0x0000000000000850

Registers:
RAX=0x000000005ef21d50, RBX=0x00000000197991a0, RCX=0x0000000000000000, RDX=0x0000000004caeeb0
RSP=0x0000000004caee38, RBP=0x0000000004caeea0, RSI=0x0000000000200021, RDI=0x00000000ffffffff
R8 =0x0000000000000004, R9 =0x0000000004b97a00, R10=0x0000000004dc7f48, R11=0x000000005e9abc50
R12=0x0000000000000000, R13=0x00000000197991a0, R14=0x0000000004caeeb8, R15=0x0000000004cb0800
RIP=0x00007ff9c6d82167, EFLAGS=0x0000000000010202

Top of Stack: (sp=0x0000000004caee38)
0x0000000004caee38:   0000000004dc7f74 0000000000200021
0x0000000004caee48:   0000000004cb0800 0000000004caef38
0x0000000004caee58:   0000000004dc7ca2 0000000004caee60
0x0000000004caee68:   00000000197991a0 0000000004caeeb8
0x0000000004caee78:   00000000197aa088 0000000000000000
0x0000000004caee88:   00000000197991a0 0000000000000000
0x0000000004caee98:   0000000004caeec0 0000000004caef08
0x0000000004caeea8:   0000000004db7da0 00000000d5cef110
0x0000000004caeeb8:   0000000004dc19d6 00000000d5bfa3a0
0x0000000004caeec8:   0000000004caeec8 0000000019793975
0x0000000004caeed8:   0000000004caef38 0000000019795318
0x0000000004caeee8:   0000000000000000 0000000019793a20
0x0000000004caeef8:   0000000004caeec0 0000000004caef28
0x0000000004caef08:   0000000004caef80 0000000004db835d
0x0000000004caef18:   0000000000000000 0000000000000000
0x0000000004caef28:   00000000d5bfa400 00000000d5bfa3b8 

Instructions: (pc=0x00007ff9c6d82167)
0x00007ff9c6d82147:   8b 44 24 28 41 8b d1 41 8b cb 4c 8b 50 18 49 ff
0x00007ff9c6d82157:   a2 58 15 00 00 cc cc cc cc 48 8b 01 48 8b 48 18
0x00007ff9c6d82167:   48 8b 81 50 08 00 00 48 ff e0 cc cc cc cc cc cc
0x00007ff9c6d82177:   cc cc cc cc cc cc cc cc cc 48 8b 01 41 8b c8 48 


Register to memory mapping:

RAX=0x000000005ef21d50 is an unknown value
RBX={method} {0x00000000197991a8} 'glCreateProgram' '()I' in 'org/lwjgl/opengl/GL20'
RCX=0x0000000000000000 is an unknown value
RDX=0x0000000004caeeb0 is pointing into the stack for thread: 0x0000000004cb0800
RSP=0x0000000004caee38 is pointing into the stack for thread: 0x0000000004cb0800
RBP=0x0000000004caeea0 is pointing into the stack for thread: 0x0000000004cb0800
RSI=0x0000000000200021 is an unknown value
RDI=0x00000000ffffffff is an unallocated location in the heap
R8 =0x0000000000000004 is an unknown value
R9 =0x0000000004b97a00 is an unknown value
R10=0x0000000004dc7f48 is at code_begin+840 in an Interpreter codelet
method entry point (kind = native)  [0x0000000004dc7c00, 0x0000000004dc8560]  2400 bytes
R11=0x000000005e9abc50 is an unknown value
R12=0x0000000000000000 is an unknown value
R13={method} {0x00000000197991a8} 'glCreateProgram' '()I' in 'org/lwjgl/opengl/GL20'
R14=0x0000000004caeeb8 is pointing into the stack for thread: 0x0000000004cb0800
R15=0x0000000004cb0800 is a thread


Stack: [0x0000000004bb0000,0x0000000004cb0000],  sp=0x0000000004caee38,  free space=1019k
Native frames: (J=compiled Java code, j=interpreted, Vv=VM code, C=native code)
C  [lwjgl_opengl.dll+0x12167]

Java frames: (J=compiled Java code, j=interpreted, Vv=VM code)
j  org.lwjgl.opengl.GL20.glCreateProgram()I+0
j  engine.Shader.<init>(Ljava/lang/String;Ljava/lang/String;)V+5
j  engine.Col2DShader.<init>()V+5
j  engine.Shader.init()V+4
j  game.GameIndex.<init>(FFLjava/lang/String;I)V+19
j  starBreaker.index.StarIndex.<init>(FFLjava/lang/String;I)V+6
j  starBreaker.index.StarIndex.main([Ljava/lang/String;)V+10
v  ~StubRoutines::call_stub

---------------  P R O C E S S  ---------------

Java Threads: ( => current thread )
  0x000000001bd35000 JavaThread "Service Thread" daemon [_thread_blocked, id=10992, stack(0x000000001c950000,0x000000001ca50000)]
  0x000000001bc92000 JavaThread "C1 CompilerThread3" daemon [_thread_blocked, id=672, stack(0x000000001c850000,0x000000001c950000)]
  0x000000001bc8c800 JavaThread "C2 CompilerThread2" daemon [_thread_blocked, id=13548, stack(0x000000001c750000,0x000000001c850000)]
  0x000000001bc8c000 JavaThread "C2 CompilerThread1" daemon [_thread_blocked, id=11424, stack(0x000000001c650000,0x000000001c750000)]
  0x000000001bc89000 JavaThread "C2 CompilerThread0" daemon [_thread_blocked, id=1356, stack(0x000000001c550000,0x000000001c650000)]
  0x000000001bc87800 JavaThread "Attach Listener" daemon [_thread_blocked, id=4140, stack(0x000000001c450000,0x000000001c550000)]
  0x000000001bc86800 JavaThread "Signal Dispatcher" daemon [_thread_blocked, id=14356, stack(0x000000001c350000,0x000000001c450000)]
  0x000000001bc80800 JavaThread "Finalizer" daemon [_thread_blocked, id=15328, stack(0x000000001c060000,0x000000001c160000)]
  0x0000000019d7d000 JavaThread "Reference Handler" daemon [_thread_blocked, id=10656, stack(0x000000001bb60000,0x000000001bc60000)]
=>0x0000000004cb0800 JavaThread "main" [_thread_in_native, id=1744, stack(0x0000000004bb0000,0x0000000004cb0000)]

Other Threads:
  0x0000000019d78000 VMThread [stack: 0x000000001ba60000,0x000000001bb60000] [id=856]
  0x000000001bd5a000 WatcherThread [stack: 0x000000001ca50000,0x000000001cb50000] [id=2896]

VM state:not at safepoint (normal execution)

VM Mutex/Monitor currently owned by a thread: None

Heap:
 PSYoungGen      total 38400K, used 5333K [0x00000000d5b80000, 0x00000000d8600000, 0x0000000100000000)
  eden space 33280K, 16% used [0x00000000d5b80000,0x00000000d60b5420,0x00000000d7c00000)
  from space 5120K, 0% used [0x00000000d8100000,0x00000000d8100000,0x00000000d8600000)
  to   space 5120K, 0% used [0x00000000d7c00000,0x00000000d7c00000,0x00000000d8100000)
 ParOldGen       total 87552K, used 0K [0x0000000081200000, 0x0000000086780000, 0x00000000d5b80000)
  object space 87552K, 0% used [0x0000000081200000,0x0000000081200000,0x0000000086780000)
 Metaspace       used 5082K, capacity 5370K, committed 5632K, reserved 1056768K
  class space    used 595K, capacity 673K, committed 768K, reserved 1048576K

Card table byte_map: [0x0000000014170000,0x0000000014570000] byte_map_base: 0x0000000013d67000

Marking Bits: (ParMarkBitMap*) 0x000000005ef9d850
 Begin Bits: [0x0000000015020000, 0x0000000016fd8000)
 End Bits:   [0x0000000016fd8000, 0x0000000018f90000)

Polling page: 0x0000000004aa0000

CodeCache: size=245760Kb used=1771Kb max_used=1771Kb free=243988Kb
 bounds [0x0000000004db0000, 0x0000000005020000, 0x0000000013db0000]
 total_blobs=676 nmethods=351 adapters=238
 compilation: enabled

Compilation events (10 events):
Event: 0.223 Thread 0x000000001bc92000  346   !   3       java.util.zip.Inflater::inflate (113 bytes)
Event: 0.224 Thread 0x000000001bc92000 nmethod 346 0x0000000004f69190 code [0x0000000004f69340, 0x0000000004f69998]
Event: 0.229 Thread 0x000000001bc92000  348       3       java.nio.charset.CharsetEncoder::maxBytesPerChar (5 bytes)
Event: 0.229 Thread 0x000000001bc92000 nmethod 348 0x0000000004f6a0d0 code [0x0000000004f6a220, 0x0000000004f6a370]
Event: 0.229 Thread 0x000000001bc92000  349       3       java.util.zip.ZipFile::ensureOpen (37 bytes)
Event: 0.230 Thread 0x000000001bc92000 nmethod 349 0x0000000004f6a3d0 code [0x0000000004f6a560, 0x0000000004f6a8d8]
Event: 0.230 Thread 0x000000001bc92000  351  s    3       java.lang.StringBuffer::append (13 bytes)
Event: 0.230 Thread 0x000000001bc92000 nmethod 351 0x0000000004f6aa50 code [0x0000000004f6abc0, 0x0000000004f6aee8]
Event: 0.230 Thread 0x000000001bc92000  350       1       java.util.zip.ZipCoder::isUTF8 (5 bytes)
Event: 0.230 Thread 0x000000001bc92000 nmethod 350 0x0000000004f6afd0 code [0x0000000004f6b120, 0x0000000004f6b230]

GC Heap History (0 events):
No events

Deoptimization events (0 events):
No events

Internal exceptions (10 events):
Event: 0.036 Thread 0x0000000004cb0800 Exception <a 'java/lang/NoSuchMethodError': Method sun.misc.Unsafe.prefetchRead(Ljava/lang/Object;J)V name or signature does not match> (0x00000000d5b87f90) thrown at [C:\re\workspace\8-2-build-windows-amd64-cygwin\jdk8u144\9417\hotspot\src\share\vm\prims
Event: 0.140 Thread 0x0000000004cb0800 Exception <a 'java/lang/NoSuchFieldError': method resolution failed> (0x00000000d5e06e30) thrown at [C:\re\workspace\8-2-build-windows-amd64-cygwin\jdk8u144\9417\hotspot\src\share\vm\prims\methodHandles.cpp, line 1146]
Event: 0.141 Thread 0x0000000004cb0800 Exception <a 'java/lang/NoSuchFieldError': method resolution failed> (0x00000000d5e14230) thrown at [C:\re\workspace\8-2-build-windows-amd64-cygwin\jdk8u144\9417\hotspot\src\share\vm\prims\methodHandles.cpp, line 1146]
Event: 0.176 Thread 0x0000000004cb0800 Exception <a 'java/lang/NoSuchMethodError': java.lang.Object.lambda$static$0(Ljava/lang/String;)Ljava/lang/Boolean;> (0x00000000d5f18c00) thrown at [C:\re\workspace\8-2-build-windows-amd64-cygwin\jdk8u144\9417\hotspot\src\share\vm\interpreter\linkResolver
Event: 0.186 Thread 0x0000000004cb0800 Exception <a 'java/security/PrivilegedActionException'> (0x00000000d5f44d50) thrown at [C:\re\workspace\8-2-build-windows-amd64-cygwin\jdk8u144\9417\hotspot\src\share\vm\prims\jvm.cpp, line 1390]
Event: 0.186 Thread 0x0000000004cb0800 Exception <a 'java/security/PrivilegedActionException'> (0x00000000d5f44f60) thrown at [C:\re\workspace\8-2-build-windows-amd64-cygwin\jdk8u144\9417\hotspot\src\share\vm\prims\jvm.cpp, line 1390]
Event: 0.186 Thread 0x0000000004cb0800 Exception <a 'java/security/PrivilegedActionException'> (0x00000000d5f48538) thrown at [C:\re\workspace\8-2-build-windows-amd64-cygwin\jdk8u144\9417\hotspot\src\share\vm\prims\jvm.cpp, line 1390]
Event: 0.186 Thread 0x0000000004cb0800 Exception <a 'java/security/PrivilegedActionException'> (0x00000000d5f48748) thrown at [C:\re\workspace\8-2-build-windows-amd64-cygwin\jdk8u144\9417\hotspot\src\share\vm\prims\jvm.cpp, line 1390]
Event: 0.216 Thread 0x0000000004cb0800 Exception <a 'sun/nio/fs/WindowsException'> (0x00000000d5fa4768) thrown at [C:\re\workspace\8-2-build-windows-amd64-cygwin\jdk8u144\9417\hotspot\src\share\vm\prims\jni.cpp, line 709]
Event: 0.216 Thread 0x0000000004cb0800 Exception <a 'sun/nio/fs/WindowsException'> (0x00000000d5fa4f60) thrown at [C:\re\workspace\8-2-build-windows-amd64-cygwin\jdk8u144\9417\hotspot\src\share\vm\prims\jni.cpp, line 709]

Events (10 events):
Event: 0.225 loading class org/lwjgl/system/jni/JNINativeInterface
Event: 0.225 loading class org/lwjgl/system/jni/JNINativeInterface done
Event: 0.227 loading class org/lwjgl/system/windows/WinBase
Event: 0.227 loading class org/lwjgl/system/windows/WinBase done
Event: 0.229 loading class org/lwjgl/opengl/GL$1
Event: 0.229 loading class org/lwjgl/opengl/GL$1 done
Event: 0.229 loading class org/lwjgl/opengl/GL$SharedLibraryGL
Event: 0.229 loading class org/lwjgl/opengl/GL$SharedLibraryGL done
Event: 0.229 loading class org/lwjgl/system/SharedLibrary$Delegate
Event: 0.229 loading class org/lwjgl/system/SharedLibrary$Delegate done


Dynamic libraries:
0x00007ff757c00000 - 0x00007ff757c37000 	P:\Program Files\java\bin\javaw.exe
0x00007ffa03740000 - 0x00007ffa03920000 	C:\WINDOWS\SYSTEM32\ntdll.dll
0x00007ffa014d0000 - 0x00007ffa0157e000 	C:\WINDOWS\System32\KERNEL32.DLL
0x00007ff9ffca0000 - 0x00007ff9fff06000 	C:\WINDOWS\System32\KERNELBASE.dll
0x00007ffa02e20000 - 0x00007ffa02ec1000 	C:\WINDOWS\System32\ADVAPI32.dll
0x00007ffa02a70000 - 0x00007ffa02b0d000 	C:\WINDOWS\System32\msvcrt.dll
0x00007ffa01340000 - 0x00007ffa0139b000 	C:\WINDOWS\System32\sechost.dll
0x00007ffa013a0000 - 0x00007ffa014bf000 	C:\WINDOWS\System32\RPCRT4.dll
0x00007ffa033c0000 - 0x00007ffa0354f000 	C:\WINDOWS\System32\USER32.dll
0x00007ff9fffc0000 - 0x00007ff9fffe0000 	C:\WINDOWS\System32\win32u.dll
0x00007ffa029e0000 - 0x00007ffa02a08000 	C:\WINDOWS\System32\GDI32.dll
0x00007ffa009a0000 - 0x00007ffa00b33000 	C:\WINDOWS\System32\gdi32full.dll
0x00007ffa00900000 - 0x00007ffa0099b000 	C:\WINDOWS\System32\msvcp_win.dll
0x00007ff9ffb40000 - 0x00007ff9ffc36000 	C:\WINDOWS\System32\ucrtbase.dll
0x00007ff9e5230000 - 0x00007ff9e5499000 	C:\WINDOWS\WinSxS\amd64_microsoft.windows.common-controls_6595b64144ccf1df_6.0.16299.371_none_15c7d1789365a290\COMCTL32.dll
0x00007ffa02b10000 - 0x00007ffa02e18000 	C:\WINDOWS\System32\combase.dll
0x00007ffa00b90000 - 0x00007ffa00c02000 	C:\WINDOWS\System32\bcryptPrimitives.dll
0x00007ffa03550000 - 0x00007ffa0357d000 	C:\WINDOWS\System32\IMM32.DLL
0x000000005f020000 - 0x000000005f0f2000 	P:\Program Files\java\bin\msvcr100.dll
0x000000005e780000 - 0x000000005f01d000 	P:\Program Files\java\bin\server\jvm.dll
0x00007ffa014c0000 - 0x00007ffa014c8000 	C:\WINDOWS\System32\PSAPI.DLL
0x00007ff9fc110000 - 0x00007ff9fc133000 	C:\WINDOWS\SYSTEM32\WINMM.dll
0x00007ff9f21b0000 - 0x00007ff9f21b9000 	C:\WINDOWS\SYSTEM32\WSOCK32.dll
0x00007ff9f8420000 - 0x00007ff9f842a000 	C:\WINDOWS\SYSTEM32\VERSION.dll
0x00007ffa031c0000 - 0x00007ffa0322c000 	C:\WINDOWS\System32\WS2_32.dll
0x00007ff9fbff0000 - 0x00007ff9fc01a000 	C:\WINDOWS\SYSTEM32\WINMMBASE.dll
0x00007ffa00b40000 - 0x00007ffa00b8a000 	C:\WINDOWS\System32\cfgmgr32.dll
0x000000005e770000 - 0x000000005e77f000 	P:\Program Files\java\bin\verify.dll
0x000000005e740000 - 0x000000005e769000 	P:\Program Files\java\bin\java.dll
0x000000005e720000 - 0x000000005e736000 	P:\Program Files\java\bin\zip.dll
0x00007ffa01580000 - 0x00007ffa029b6000 	C:\WINDOWS\System32\SHELL32.dll
0x00007ffa032b0000 - 0x00007ffa03356000 	C:\WINDOWS\System32\shcore.dll
0x00007ffa001b0000 - 0x00007ffa008f7000 	C:\WINDOWS\System32\windows.storage.dll
0x00007ffa02a10000 - 0x00007ffa02a61000 	C:\WINDOWS\System32\shlwapi.dll
0x00007ff9ffb20000 - 0x00007ff9ffb31000 	C:\WINDOWS\System32\kernel.appcore.dll
0x00007ff9ffa90000 - 0x00007ff9ffadc000 	C:\WINDOWS\System32\powrprof.dll
0x00007ff9ffae0000 - 0x00007ff9ffafb000 	C:\WINDOWS\System32\profapi.dll
0x000000005e700000 - 0x000000005e71a000 	P:\Program Files\java\bin\net.dll
0x00007ff9ff320000 - 0x00007ff9ff386000 	C:\WINDOWS\system32\mswsock.dll
0x000000005e6e0000 - 0x000000005e6f1000 	P:\Program Files\java\bin\nio.dll
0x00007ff9d3130000 - 0x00007ff9d3187000 	C:\Users\Emmett\AppData\Local\Temp\lwjglEmmett\3.1.2-build-29\lwjgl.dll
0x00007ff9c6d70000 - 0x00007ff9c6dcc000 	C:\Users\Emmett\AppData\Local\Temp\lwjglEmmett\3.1.2-build-29\lwjgl_opengl.dll
0x00007ff9eb1f0000 - 0x00007ff9eb30e000 	C:\WINDOWS\SYSTEM32\opengl32.dll
0x00007ff9efcb0000 - 0x00007ff9efcdc000 	C:\WINDOWS\SYSTEM32\GLU32.dll
0x00007ff9ede40000 - 0x00007ff9ee008000 	C:\WINDOWS\SYSTEM32\dbghelp.dll

VM Arguments:
jvm_args: -Dfile.encoding=Cp1252 
java_command: starBreaker.index.StarIndex
java_class_path (initial): P:\Programming\eclipse-workspace\ld 41\bin;P:\Programming\lwjgl\joml-1.9.4.jar;P:\Programming\lwjgl\lwjgl.jar;P:\Programming\lwjgl\lwjgl-glfw.jar;P:\Programming\lwjgl\lwjgl-glfw-natives-windows.jar;P:\Programming\lwjgl\lwjgl-natives-windows.jar;P:\Programming\lwjgl\lwjgl-openal.jar;P:\Programming\lwjgl\lwjgl-openal-natives-windows.jar;P:\Programming\lwjgl\lwjgl-opengl.jar;P:\Programming\lwjgl\lwjgl-opengl-natives-windows.jar;P:\Programming\lwjgl\lwjgl-stb.jar;P:\Programming\lwjgl\lwjgl-stb-natives-windows.jar
Launcher Type: SUN_STANDARD

Environment Variables:
PATH=C:/Program Files/Java/jre1.8.0_161/bin/server;C:/Program Files/Java/jre1.8.0_161/bin;C:/Program Files/Java/jre1.8.0_161/lib/amd64;C:\Program Files (x86)\Intel\iCLS Client\;C:\ProgramData\Oracle\Java\javapath;C:\Program Files\Intel\iCLS Client\;C:\Windows\system32;C:\Windows;C:\Windows\System32\Wbem;C:\Windows\System32\WindowsPowerShell\v1.0\;C:\Program Files (x86)\NVIDIA Corporation\PhysX\Common;C:\Program Files\Intel\WiFi\bin\;C:\Program Files\Common Files\Intel\WirelessCommon\;C:\WINDOWS\system32;C:\WINDOWS;C:\WINDOWS\System32\Wbem;C:\WINDOWS\System32\WindowsPowerShell\v1.0\;C:\Program Files (x86)\GtkSharp\2.12\bin;C:\WINDOWS\system32;C:\WINDOWS;C:\WINDOWS\System32\Wbem;C:\WINDOWS\System32\WindowsPowerShell\v1.0\;C:\Program Files (x86)\Intel\Intel(R) Management Engine Components\DAL;C:\Program Files\Intel\Intel(R) Management Engine Components\DAL;C:\Program Files (x86)\Intel\Intel(R) Management Engine Components\IPT;C:\Program Files\Intel\Intel(R) Management Engine Components\IPT;C:\Users\Emmett\AppData\Local\Microsoft\WindowsApps;;P:\Program Files\eclipse;
USERNAME=Emmett
OS=Windows_NT
PROCESSOR_IDENTIFIER=Intel64 Family 6 Model 158 Stepping 9, GenuineIntel



---------------  S Y S T E M  ---------------

OS: Windows 10.0 , 64 bit Build 16299 (10.0.16299.15)

CPU:total 8 (initial active 8) (4 cores per cpu, 2 threads per core) family 6 model 158 stepping 9, cmov, cx8, fxsr, mmx, sse, sse2, sse3, ssse3, sse4.1, sse4.2, popcnt, avx, avx2, aes, clmul, erms, 3dnowpref, lzcnt, ht, tsc, tscinvbit, bmi1, bmi2, adx

Memory: 4k page, physical 8306804k(2654036k free), swap 12779316k(1651520k free)

vm_info: Java HotSpot(TM) 64-Bit Server VM (25.144-b01) for windows-amd64 JRE (1.8.0_144-b01), built on Jul 21 2017 21:57:33 by "java_re" with MS VC++ 10.0 (VS2010)

time: Fri Apr 20 21:53:36 2018
elapsed time: 0 seconds (0d 0h 0m 0s)

